<?xml version="1.0" encoding="UTF-8"?>
<testng-results ignored="0" total="1" passed="1" failed="0" skipped="0">
  <reporter-output>
  </reporter-output>
  <suite started-at="2023-06-23T21:28:07 IST" name="Default suite" finished-at="2023-06-23T21:30:57 IST" duration-ms="170169">
    <groups>
    </groups>
    <test started-at="2023-06-23T21:28:07 IST" name="Default test" finished-at="2023-06-23T21:30:57 IST" duration-ms="170169">
      <class name="test.HomeTest">
        <test-method is-config="true" signature="setUp()[pri:0, instance:test.HomeTest@18df8434]" started-at="2023-06-23T21:28:07 IST" name="setUp" finished-at="2023-06-23T21:28:43 IST" duration-ms="35880" status="PASS">
          <reporter-output>
          </reporter-output>
        </test-method> <!-- setUp -->
        <test-method signature="test1()[pri:0, instance:test.HomeTest@18df8434]" started-at="2023-06-23T21:28:43 IST" name="test1" finished-at="2023-06-23T21:30:57 IST" duration-ms="133991" status="PASS">
          <reporter-output>
          </reporter-output>
        </test-method> <!-- test1 -->
      </class> <!-- test.HomeTest -->
    </test> <!-- Default test -->
  </suite> <!-- Default suite -->
</testng-results>
